<?xml version="1.0" encoding="UTF-8"?>
<robot generator="Robot 6.1.1 (Python 3.11.5 on win32)" generated="20231120 20:53:28.336" rpa="false" schemaversion="4">
<suite id="s1" name="Test Copy File" source="C:\Users\Stmadm\Documents\Python\PythonCourseForKursia4\PythonCourse2.0_September23\Useful\for_lec_22\system_tests\test_copy_file.robot">
<test id="s1-t1" name="Test File Copy" line="30">
<kw name="On Test Setup" type="SETUP">
<kw name="Create File" library="OperatingSystem">
<arg>${src_file}</arg>
<arg>${exp_content}</arg>
<doc>Creates a file with the given content and encoding.</doc>
<msg timestamp="20231120 20:53:28.396" level="INFO" html="true">Created file '&lt;a href="file://C:\Users\Stmadm\Documents\Python\PythonCourseForKursia4\PythonCourse2.0_September23\Useful\for_lec_22\system_tests\source.txt"&gt;C:\Users\Stmadm\Documents\Python\PythonCourseForKursia4\PythonCourse2.0_September23\Useful\for_lec_22\system_tests\source.txt&lt;/a&gt;'.</msg>
<status status="PASS" starttime="20231120 20:53:28.392" endtime="20231120 20:53:28.397"/>
</kw>
<kw name="File Should Exist" library="OperatingSystem">
<arg>${src_file}</arg>
<doc>Fails unless the given ``path`` points to an existing file.</doc>
<msg timestamp="20231120 20:53:28.398" level="INFO" html="true">File '&lt;a href="file://C:\Users\Stmadm\Documents\Python\PythonCourseForKursia4\PythonCourse2.0_September23\Useful\for_lec_22\system_tests\source.txt"&gt;C:\Users\Stmadm\Documents\Python\PythonCourseForKursia4\PythonCourse2.0_September23\Useful\for_lec_22\system_tests\source.txt&lt;/a&gt;' exists.</msg>
<status status="PASS" starttime="20231120 20:53:28.397" endtime="20231120 20:53:28.398"/>
</kw>
<status status="PASS" starttime="20231120 20:53:28.391" endtime="20231120 20:53:28.398"/>
</kw>
<kw name="File Should Not Exist" library="OperatingSystem">
<arg>${dst_file}</arg>
<doc>Fails if the given path points to an existing file.</doc>
<msg timestamp="20231120 20:53:28.399" level="INFO" html="true">File '&lt;a href="file://C:\Users\Stmadm\Documents\Python\PythonCourseForKursia4\PythonCourse2.0_September23\Useful\for_lec_22\system_tests\destination.txt"&gt;C:\Users\Stmadm\Documents\Python\PythonCourseForKursia4\PythonCourse2.0_September23\Useful\for_lec_22\system_tests\destination.txt&lt;/a&gt;' does not exist.</msg>
<status status="PASS" starttime="20231120 20:53:28.399" endtime="20231120 20:53:28.399"/>
</kw>
<kw name="Run" library="OperatingSystem">
<arg>${copy_script}</arg>
<doc>Runs the given command in the system and returns the output.</doc>
<msg timestamp="20231120 20:53:28.406" level="INFO">Running command 'python ./copy_file_task.py 2&gt;&amp;1'.</msg>
<status status="PASS" starttime="20231120 20:53:28.400" endtime="20231120 20:53:28.493"/>
</kw>
<kw name="File Should Exist" library="OperatingSystem">
<arg>${dst_file}</arg>
<doc>Fails unless the given ``path`` points to an existing file.</doc>
<msg timestamp="20231120 20:53:28.494" level="INFO" html="true">File '&lt;a href="file://C:\Users\Stmadm\Documents\Python\PythonCourseForKursia4\PythonCourse2.0_September23\Useful\for_lec_22\system_tests\destination.txt"&gt;C:\Users\Stmadm\Documents\Python\PythonCourseForKursia4\PythonCourse2.0_September23\Useful\for_lec_22\system_tests\destination.txt&lt;/a&gt;' exists.</msg>
<status status="PASS" starttime="20231120 20:53:28.494" endtime="20231120 20:53:28.494"/>
</kw>
<kw name="Get File" library="OperatingSystem">
<var>${content}</var>
<arg>${dst_file}</arg>
<doc>Returns the contents of a specified file.</doc>
<msg timestamp="20231120 20:53:28.495" level="INFO" html="true">Getting file '&lt;a href="file://C:\Users\Stmadm\Documents\Python\PythonCourseForKursia4\PythonCourse2.0_September23\Useful\for_lec_22\system_tests\destination.txt"&gt;C:\Users\Stmadm\Documents\Python\PythonCourseForKursia4\PythonCourse2.0_September23\Useful\for_lec_22\system_tests\destination.txt&lt;/a&gt;'.</msg>
<msg timestamp="20231120 20:53:28.501" level="INFO">${content} = src.readlines()</msg>
<status status="PASS" starttime="20231120 20:53:28.494" endtime="20231120 20:53:28.501"/>
</kw>
<kw name="Should Be True" library="BuiltIn">
<arg>'${content}' == '${exp_content}'</arg>
<doc>Fails if the given condition is not true.</doc>
<msg timestamp="20231120 20:53:28.502" level="FAIL">''src.readlines()' == 'hello'' should be true.</msg>
<status status="FAIL" starttime="20231120 20:53:28.501" endtime="20231120 20:53:28.502"/>
</kw>
<kw name="On Test Teardown" type="TEARDOWN">
<kw name="Remove File" library="OperatingSystem">
<arg>${src_file}</arg>
<doc>Removes a file with the given path.</doc>
<msg timestamp="20231120 20:53:28.503" level="INFO" html="true">Removed file '&lt;a href="file://C:\Users\Stmadm\Documents\Python\PythonCourseForKursia4\PythonCourse2.0_September23\Useful\for_lec_22\system_tests\source.txt"&gt;C:\Users\Stmadm\Documents\Python\PythonCourseForKursia4\PythonCourse2.0_September23\Useful\for_lec_22\system_tests\source.txt&lt;/a&gt;'.</msg>
<status status="PASS" starttime="20231120 20:53:28.503" endtime="20231120 20:53:28.504"/>
</kw>
<kw name="Remove File" library="OperatingSystem">
<arg>${dst_file}</arg>
<doc>Removes a file with the given path.</doc>
<msg timestamp="20231120 20:53:28.504" level="INFO" html="true">Removed file '&lt;a href="file://C:\Users\Stmadm\Documents\Python\PythonCourseForKursia4\PythonCourse2.0_September23\Useful\for_lec_22\system_tests\destination.txt"&gt;C:\Users\Stmadm\Documents\Python\PythonCourseForKursia4\PythonCourse2.0_September23\Useful\for_lec_22\system_tests\destination.txt&lt;/a&gt;'.</msg>
<status status="PASS" starttime="20231120 20:53:28.504" endtime="20231120 20:53:28.504"/>
</kw>
<status status="PASS" starttime="20231120 20:53:28.502" endtime="20231120 20:53:28.504"/>
</kw>
<doc>Test file copy script</doc>
<tag>DEBUG</tag>
<status status="FAIL" starttime="20231120 20:53:28.390" endtime="20231120 20:53:28.505">''src.readlines()' == 'hello'' should be true.</status>
</test>
<doc>Check file actions</doc>
<status status="FAIL" starttime="20231120 20:53:28.339" endtime="20231120 20:53:28.507"/>
</suite>
<statistics>
<total>
<stat pass="0" fail="1" skip="0">All Tests</stat>
</total>
<tag>
<stat pass="0" fail="1" skip="0">DEBUG</stat>
</tag>
<suite>
<stat pass="0" fail="1" skip="0" id="s1" name="Test Copy File">Test Copy File</stat>
</suite>
</statistics>
<errors>
</errors>
</robot>
